<?xml version="1.0" encoding="UTF-8"?>
<!-- Generated by org.testng.reporters.JUnitXMLReporter -->
<testsuite ignored="4" hostname="AATIFxINSPIRON" failures="0" tests="1" name="Default test" time="42.068" errors="0" timestamp="2024-07-05T11:20:59 IST">
  <testcase classname="Demo.OrangeHRM" name="searchEmployeeID" time="33.183"/>
  <testcase classname="Demo.OrangeHRM" name="loginValidCreentials" time="0.0">
    <ignored/>
  </testcase> <!-- loginValidCreentials -->
  <testcase classname="Demo.OrangeHRM" name="loginInvalidCredentials" time="0.0">
    <ignored/>
  </testcase> <!-- loginInvalidCredentials -->
  <testcase classname="Demo.OrangeHRM" name="addEmployee" time="0.0">
    <ignored/>
  </testcase> <!-- addEmployee -->
  <testcase classname="Demo.OrangeHRM" name="searchEmployee" time="0.0">
    <ignored/>
  </testcase> <!-- searchEmployee -->
</testsuite> <!-- Default test -->
